latexml (LaTeXML version 0.8.7) processing res.tex
(Digesting TeX res...
(Loading /nix/store/308lsg0pc0y4vq7xq5qb2y2y1nhi01zb-perl5.36.0-LaTeXML-0.8.7/lib/perl5/site_perl/5.36.0/LaTeXML/Package/TeX.pool.ltxml...
(Loading /nix/store/308lsg0pc0y4vq7xq5qb2y2y1nhi01zb-perl5.36.0-LaTeXML-0.8.7/lib/perl5/site_perl/5.36.0/LaTeXML/Package/eTeX.pool.ltxml... 0.00 sec)
(Loading /nix/store/308lsg0pc0y4vq7xq5qb2y2y1nhi01zb-perl5.36.0-LaTeXML-0.8.7/lib/perl5/site_perl/5.36.0/LaTeXML/Package/pdfTeX.pool.ltxml... 0.00 sec) 0.07 sec)
(Processing content /home/heinwol/Documents/work/literature/temp/res.tex...
(Loading /nix/store/308lsg0pc0y4vq7xq5qb2y2y1nhi01zb-perl5.36.0-LaTeXML-0.8.7/lib/perl5/site_perl/5.36.0/LaTeXML/Package/LaTeX.pool.ltxml...
(Loading /nix/store/308lsg0pc0y4vq7xq5qb2y2y1nhi01zb-perl5.36.0-LaTeXML-0.8.7/lib/perl5/site_perl/5.36.0/LaTeXML/Package/textcomp.sty.ltxml...
(Processing definitions /nix/store/c5rdayr3rippgdlzj765bhq3yfm066hw-texlive-combined-full-2022.20221227-texmf/tex/latex-dev/base/ts1enc.dfu... 0.01 sec) 0.32 sec) 0.42 sec)
(Loading /nix/store/308lsg0pc0y4vq7xq5qb2y2y1nhi01zb-perl5.36.0-LaTeXML-0.8.7/lib/perl5/site_perl/5.36.0/LaTeXML/Package/article.cls.ltxml... 0.00 sec)
(Loading /nix/store/308lsg0pc0y4vq7xq5qb2y2y1nhi01zb-perl5.36.0-LaTeXML-0.8.7/lib/perl5/site_perl/5.36.0/LaTeXML/Package/fontenc.sty.ltxml...
(Processing definitions /nix/store/c5rdayr3rippgdlzj765bhq3yfm066hw-texlive-combined-full-2022.20221227-texmf/tex/latex/cyrillic/t2aenc.def...
(Processing definitions /nix/store/c5rdayr3rippgdlzj765bhq3yfm066hw-texlive-combined-full-2022.20221227-texmf/tex/latex-dev/base/t2aenc.dfu... 0.02 sec)
(Loading /nix/store/308lsg0pc0y4vq7xq5qb2y2y1nhi01zb-perl5.36.0-LaTeXML-0.8.7/lib/perl5/site_perl/5.36.0/LaTeXML/Package/t2a.fontmap.ltxml... 0.00 sec) 0.07 sec) 0.07 sec)
(Loading /nix/store/308lsg0pc0y4vq7xq5qb2y2y1nhi01zb-perl5.36.0-LaTeXML-0.8.7/lib/perl5/site_perl/5.36.0/LaTeXML/Package/siunitx.sty.ltxml...
(Loading /nix/store/308lsg0pc0y4vq7xq5qb2y2y1nhi01zb-perl5.36.0-LaTeXML-0.8.7/lib/perl5/site_perl/5.36.0/LaTeXML/Package/expl3.sty.ltxml...
(Loading /nix/store/308lsg0pc0y4vq7xq5qb2y2y1nhi01zb-perl5.36.0-LaTeXML-0.8.7/lib/perl5/site_perl/5.36.0/LaTeXML/Package/expl3.pool.ltxml...
(Processing definitions /nix/store/c5rdayr3rippgdlzj765bhq3yfm066hw-texlive-combined-full-2022.20221227-texmf/tex/latex/l3kernel/expl3.ltx...
(Processing definitions /nix/store/c5rdayr3rippgdlzj765bhq3yfm066hw-texlive-combined-full-2022.20221227-texmf/tex/latex/l3kernel/expl3-code.tex...
Package: expl3
2023-02-22 L3 programming layer (code)
(Loading /nix/store/308lsg0pc0y4vq7xq5qb2y2y1nhi01zb-perl5.36.0-LaTeXML-0.8.7/lib/perl5/site_perl/5.36.0/LaTeXML/Package/etex.sty.ltxml... 0.00 sec)
Fatal:interrupt:interrupted LaTeXML was interrupted
	at expl3-code.tex; line 13759 col 0 - line 13759 col 64
	INT
	In Core::Definition::Expandable[\use:x {}] /nix/store/c5rdayr3rippgdlzj765bhq3yfm066hw-texlive-combined-full-2022.20221227-texmf/tex/latex/l3kernel/expl3-code.tex; from line 1615 col 0 to line 1615 col 3
	 <= Core::Gullet[@0x16d1fc8] <= Core::Stomach[@0x3fe8698] <= Core::Gullet[@0x16d1fc8] <= Core::Definition::Expandable[\input T... <= Core::Gullet[@0x16d1fc8] <= Core::Definition::Constructor[\usepac... <= Core::Stomach[@0x3fe8698]
Conversion failed 1 fatal error (See /home/heinwol/Documents/work/literature/temp/res.latexml.log) (reqd. 6.47s)
